#! /opt/homebrew/Cellar/icarus-verilog/12.0/bin/vvp
:ivl_version "12.0 (stable)";
:ivl_delay_selection "TYPICAL";
:vpi_time_precision + 0;
:vpi_module "/opt/homebrew/Cellar/icarus-verilog/12.0/lib/ivl/system.vpi";
:vpi_module "/opt/homebrew/Cellar/icarus-verilog/12.0/lib/ivl/vhdl_sys.vpi";
:vpi_module "/opt/homebrew/Cellar/icarus-verilog/12.0/lib/ivl/vhdl_textio.vpi";
:vpi_module "/opt/homebrew/Cellar/icarus-verilog/12.0/lib/ivl/v2005_math.vpi";
:vpi_module "/opt/homebrew/Cellar/icarus-verilog/12.0/lib/ivl/va_math.vpi";
:vpi_module "/opt/homebrew/Cellar/icarus-verilog/12.0/lib/ivl/v2009.vpi";
S_0x10105f2e0 .scope package, "$unit" "$unit" 2 1;
 .timescale 0 0;
S_0x10105f460 .scope module, "up_down_counter_tb" "up_down_counter_tb" 3 1;
 .timescale 0 0;
v0x101063830_0 .var "M", 0 0;
v0x1010649a0_0 .var "clk", 0 0;
v0x101064a40_0 .net "cnt", 3 0, v0x1010636f0_0;  1 drivers
v0x101064ae0_0 .var "rst", 0 0;
S_0x101063e20 .scope module, "dut" "up_down_counter" 3 4, 4 1 0, S_0x10105f460;
 .timescale 0 0;
    .port_info 0 /INPUT 1 "clk";
    .port_info 1 /INPUT 1 "rst";
    .port_info 2 /INPUT 1 "M";
    .port_info 3 /OUTPUT 4 "cnt";
v0x10105cbe0_0 .net "M", 0 0, v0x101063830_0;  1 drivers
v0x10105cc80_0 .net "clk", 0 0, v0x1010649a0_0;  1 drivers
v0x1010636f0_0 .var "cnt", 3 0;
v0x101063790_0 .net "rst", 0 0, v0x101064ae0_0;  1 drivers
E_0x10105d030 .event posedge, v0x101063790_0, v0x10105cc80_0;
    .scope S_0x101063e20;
T_0 ;
    %wait E_0x10105d030;
    %load/vec4 v0x101063790_0;
    %flag_set/vec4 8;
    %jmp/0xz  T_0.0, 8;
    %pushi/vec4 0, 0, 4;
    %assign/vec4 v0x1010636f0_0, 0;
    %jmp T_0.1;
T_0.0 ;
    %load/vec4 v0x10105cbe0_0;
    %flag_set/vec4 8;
    %jmp/0xz  T_0.2, 8;
    %load/vec4 v0x1010636f0_0;
    %cmpi/e 15, 0, 4;
    %jmp/0xz  T_0.4, 4;
    %pushi/vec4 0, 0, 4;
    %assign/vec4 v0x1010636f0_0, 0;
    %jmp T_0.5;
T_0.4 ;
    %load/vec4 v0x1010636f0_0;
    %addi 1, 0, 4;
    %assign/vec4 v0x1010636f0_0, 0;
T_0.5 ;
    %jmp T_0.3;
T_0.2 ;
    %load/vec4 v0x1010636f0_0;
    %cmpi/e 0, 0, 4;
    %jmp/0xz  T_0.6, 4;
    %pushi/vec4 15, 0, 4;
    %assign/vec4 v0x1010636f0_0, 0;
    %jmp T_0.7;
T_0.6 ;
    %load/vec4 v0x1010636f0_0;
    %subi 1, 0, 4;
    %assign/vec4 v0x1010636f0_0, 0;
T_0.7 ;
T_0.3 ;
T_0.1 ;
    %jmp T_0;
    .thread T_0;
    .scope S_0x10105f460;
T_1 ;
    %pushi/vec4 0, 0, 1;
    %store/vec4 v0x1010649a0_0, 0, 1;
    %end;
    .thread T_1;
    .scope S_0x10105f460;
T_2 ;
    %delay 5, 0;
    %load/vec4 v0x1010649a0_0;
    %inv;
    %store/vec4 v0x1010649a0_0, 0, 1;
    %jmp T_2;
    .thread T_2;
    .scope S_0x10105f460;
T_3 ;
    %delay 2, 0;
    %pushi/vec4 1, 0, 1;
    %store/vec4 v0x101064ae0_0, 0, 1;
    %delay 3, 0;
    %pushi/vec4 0, 0, 1;
    %store/vec4 v0x101064ae0_0, 0, 1;
    %end;
    .thread T_3;
    .scope S_0x10105f460;
T_4 ;
    %pushi/vec4 1, 0, 1;
    %store/vec4 v0x101063830_0, 0, 1;
    %delay 198, 0;
    %pushi/vec4 0, 0, 1;
    %store/vec4 v0x101063830_0, 0, 1;
    %end;
    .thread T_4;
    .scope S_0x10105f460;
T_5 ;
    %vpi_call/w 3 22 "$dumpfile", "dumpf.vcd" {0 0 0};
    %vpi_call/w 3 23 "$dumpvars" {0 0 0};
    %vpi_call/w 3 25 "$display", " time | rst  |  M  | cnt" {0 0 0};
    %vpi_call/w 3 26 "$display", "-------------------------" {0 0 0};
    %vpi_call/w 3 27 "$monitor", " %4t  |  %b  | %b | %d ", $time, v0x101064ae0_0, v0x101063830_0, v0x101064a40_0 {0 0 0};
    %delay 300, 0;
    %vpi_call/w 3 29 "$finish" {0 0 0};
    %end;
    .thread T_5;
# The file index is used to find the file name in the following table.
:file_names 5;
    "N/A";
    "<interactive>";
    "-";
    "20 Up Down Counter/up_down_counter_tb.sv";
    "20 Up Down Counter/up_down_counter.v";
