#! /opt/homebrew/Cellar/icarus-verilog/12.0/bin/vvp
:ivl_version "12.0 (stable)";
:ivl_delay_selection "TYPICAL";
:vpi_time_precision + 0;
:vpi_module "/opt/homebrew/Cellar/icarus-verilog/12.0/lib/ivl/system.vpi";
:vpi_module "/opt/homebrew/Cellar/icarus-verilog/12.0/lib/ivl/vhdl_sys.vpi";
:vpi_module "/opt/homebrew/Cellar/icarus-verilog/12.0/lib/ivl/vhdl_textio.vpi";
:vpi_module "/opt/homebrew/Cellar/icarus-verilog/12.0/lib/ivl/v2005_math.vpi";
:vpi_module "/opt/homebrew/Cellar/icarus-verilog/12.0/lib/ivl/va_math.vpi";
:vpi_module "/opt/homebrew/Cellar/icarus-verilog/12.0/lib/ivl/v2009.vpi";
S_0x104f2e9b0 .scope package, "$unit" "$unit" 2 1;
 .timescale 0 0;
S_0x104f2eb30 .scope module, "full_adder_tb" "full_adder_tb" 3 1;
 .timescale 0 0;
v0x769464280_0 .net "C", 0 0, L_0x104f39230;  1 drivers
v0x769464320_0 .net "S", 0 0, L_0x104f39050;  1 drivers
v0x7694643c0_0 .var "i1", 0 0;
v0x769464460_0 .var "i2", 0 0;
v0x769464500_0 .var "i3", 0 0;
v0x7694645a0_0 .var/2s "j", 31 0;
S_0x104f30b70 .scope module, "dut" "full_adder_using_half_adders" 3 5, 4 3 0, S_0x104f2eb30;
 .timescale 0 0;
    .port_info 0 /INPUT 1 "A";
    .port_info 1 /INPUT 1 "B";
    .port_info 2 /INPUT 1 "C";
    .port_info 3 /OUTPUT 1 "Sum";
    .port_info 4 /OUTPUT 1 "Carry";
L_0x104f39230 .functor OR 1, L_0x104f372b0, L_0x104f39140, C4<0>, C4<0>;
v0x104f38cd0_0 .net "A", 0 0, v0x7694643c0_0;  1 drivers
v0x104f38d70_0 .net "B", 0 0, v0x769464460_0;  1 drivers
v0x104f38e10_0 .net "C", 0 0, v0x769464500_0;  1 drivers
v0x104f38eb0_0 .net "C1", 0 0, L_0x104f372b0;  1 drivers
v0x769464000_0 .net "C2", 0 0, L_0x104f39140;  1 drivers
v0x7694640a0_0 .net "Carry", 0 0, L_0x104f39230;  alias, 1 drivers
v0x769464140_0 .net "S1", 0 0, L_0x104f326b0;  1 drivers
v0x7694641e0_0 .net "Sum", 0 0, L_0x104f39050;  alias, 1 drivers
S_0x104f30cf0 .scope module, "h1" "half_adder" 4 5, 5 1 0, S_0x104f30b70;
 .timescale 0 0;
    .port_info 0 /INPUT 1 "a";
    .port_info 1 /INPUT 1 "b";
    .port_info 2 /OUTPUT 1 "sum";
    .port_info 3 /OUTPUT 1 "carry";
L_0x104f326b0 .functor XOR 1, v0x7694643c0_0, v0x769464460_0, C4<0>, C4<0>;
L_0x104f372b0 .functor AND 1, v0x7694643c0_0, v0x769464460_0, C4<1>, C4<1>;
v0x104f37610_0 .net "a", 0 0, v0x7694643c0_0;  alias, 1 drivers
v0x104f37210_0 .net "b", 0 0, v0x769464460_0;  alias, 1 drivers
v0x104f36e50_0 .net "carry", 0 0, L_0x104f372b0;  alias, 1 drivers
v0x104f36ab0_0 .net "sum", 0 0, L_0x104f326b0;  alias, 1 drivers
S_0x104f323f0 .scope module, "h2" "half_adder" 4 6, 5 1 0, S_0x104f30b70;
 .timescale 0 0;
    .port_info 0 /INPUT 1 "a";
    .port_info 1 /INPUT 1 "b";
    .port_info 2 /OUTPUT 1 "sum";
    .port_info 3 /OUTPUT 1 "carry";
L_0x104f39050 .functor XOR 1, L_0x104f326b0, v0x769464500_0, C4<0>, C4<0>;
L_0x104f39140 .functor AND 1, L_0x104f326b0, v0x769464500_0, C4<1>, C4<1>;
v0x104f32570_0 .net "a", 0 0, L_0x104f326b0;  alias, 1 drivers
v0x104f32610_0 .net "b", 0 0, v0x769464500_0;  alias, 1 drivers
v0x104f38b90_0 .net "carry", 0 0, L_0x104f39140;  alias, 1 drivers
v0x104f38c30_0 .net "sum", 0 0, L_0x104f39050;  alias, 1 drivers
    .scope S_0x104f2eb30;
T_0 ;
    %pushi/vec4 0, 0, 32;
    %store/vec4 v0x7694645a0_0, 0, 32;
T_0.0 ;
    %load/vec4 v0x7694645a0_0;
    %cmpi/s 8, 0, 32;
    %jmp/0xz T_0.1, 5;
    %load/vec4 v0x7694645a0_0;
    %parti/s 3, 0, 2;
    %split/vec4 1;
    %store/vec4 v0x769464500_0, 0, 1;
    %split/vec4 1;
    %store/vec4 v0x769464460_0, 0, 1;
    %store/vec4 v0x7694643c0_0, 0, 1;
    %delay 1, 0;
    %load/vec4 v0x769464320_0;
    %load/vec4 v0x7694643c0_0;
    %cmp/e;
    %flag_get/vec4 4;
    %load/vec4 v0x769464460_0;
    %xor;
    %load/vec4 v0x769464500_0;
    %xor;
    %flag_set/vec4 9;
    %flag_get/vec4 9;
    %jmp/0 T_0.4, 9;
    %load/vec4 v0x769464280_0;
    %load/vec4 v0x7694643c0_0;
    %load/vec4 v0x769464460_0;
    %and;
    %load/vec4 v0x769464460_0;
    %load/vec4 v0x769464500_0;
    %and;
    %or;
    %load/vec4 v0x769464500_0;
    %load/vec4 v0x7694643c0_0;
    %and;
    %or;
    %cmp/e;
    %flag_get/vec4 4;
    %and;
T_0.4;
    %flag_set/vec4 8;
    %jmp/0xz  T_0.2, 8;
    %vpi_call/w 3 11 "$display", "PASS" {0 0 0};
    %jmp T_0.3;
T_0.2 ;
    %vpi_call/w 3 13 "$display", "FAIL: %0d,%0d, %0d", v0x7694643c0_0, v0x769464460_0, v0x769464500_0 {0 0 0};
T_0.3 ;
    ; show_stmt_assign_vector: Get l-value for compressed += operand
    %load/vec4 v0x7694645a0_0;
    %pushi/vec4 1, 0, 32;
    %add;
    %cast2;
    %store/vec4 v0x7694645a0_0, 0, 32;
    %jmp T_0.0;
T_0.1 ;
    %end;
    .thread T_0;
# The file index is used to find the file name in the following table.
:file_names 6;
    "N/A";
    "<interactive>";
    "-";
    "full_adder_tb.sv";
    "full_adder_using_half_adders.v";
    "half_adder.v";
