#! /opt/homebrew/Cellar/icarus-verilog/12.0/bin/vvp
:ivl_version "12.0 (stable)";
:ivl_delay_selection "TYPICAL";
:vpi_time_precision - 12;
:vpi_module "/opt/homebrew/Cellar/icarus-verilog/12.0/lib/ivl/system.vpi";
:vpi_module "/opt/homebrew/Cellar/icarus-verilog/12.0/lib/ivl/vhdl_sys.vpi";
:vpi_module "/opt/homebrew/Cellar/icarus-verilog/12.0/lib/ivl/vhdl_textio.vpi";
:vpi_module "/opt/homebrew/Cellar/icarus-verilog/12.0/lib/ivl/v2005_math.vpi";
:vpi_module "/opt/homebrew/Cellar/icarus-verilog/12.0/lib/ivl/va_math.vpi";
:vpi_module "/opt/homebrew/Cellar/icarus-verilog/12.0/lib/ivl/v2009.vpi";
S_0x10164ca60 .scope package, "$unit" "$unit" 2 1;
 .timescale 0 0;
S_0x10164f4e0 .scope module, "ripple_carry_adder_tb" "ripple_carry_adder_tb" 3 3;
 .timescale -9 -12;
P_0xb29001400 .param/l "N" 0 3 4, +C4<00000000000000000000000000001000>;
v0xb2907cd20_0 .var "a", 7 0;
v0xb2907cdc0_0 .var "b", 7 0;
v0xb2907ce60_0 .var "cin", 0 0;
v0xb2907cf00_0 .net "cout", 0 0, L_0xb28c5d4a0;  1 drivers
v0xb2907cfa0_0 .var/2u "expected_cout", 0 0;
v0xb2907d040_0 .var/2s "expected_sum", 31 0;
v0xb2907d0e0_0 .var/2s "i", 31 0;
v0xb2907d180_0 .net "sum", 7 0, L_0xb2907d220;  1 drivers
S_0x10164f660 .scope module, "dut" "ripple_carry_adder_using_parameter" 3 16, 4 1 0, S_0x10164f4e0;
 .timescale 0 0;
    .port_info 0 /INPUT 8 "a";
    .port_info 1 /INPUT 8 "b";
    .port_info 2 /INPUT 1 "cin";
    .port_info 3 /OUTPUT 8 "sum";
    .port_info 4 /OUTPUT 1 "cout";
P_0xb29001480 .param/l "N" 0 4 1, +C4<00000000000000000000000000001000>;
L_0x10165a020 .functor BUFZ 1, v0xb2907ce60_0, C4<0>, C4<0>, C4<0>;
v0xb2907c8c0_0 .net *"_ivl_111", 0 0, L_0x10165a020;  1 drivers
v0xb2907c960_0 .net "a", 7 0, v0xb2907cd20_0;  1 drivers
v0xb2907ca00_0 .net "b", 7 0, v0xb2907cdc0_0;  1 drivers
v0xb2907caa0_0 .net "carr", 8 0, L_0xb2907d2c0;  1 drivers
v0xb2907cb40_0 .net "cin", 0 0, v0xb2907ce60_0;  1 drivers
v0xb2907cbe0_0 .net "cout", 0 0, L_0xb28c5d4a0;  alias, 1 drivers
v0xb2907cc80_0 .net "sum", 7 0, L_0xb2907d220;  alias, 1 drivers
L_0xb28c42760 .part v0xb2907cd20_0, 0, 1;
L_0xb28c42800 .part v0xb2907cdc0_0, 0, 1;
L_0xb28c428a0 .part L_0xb2907d2c0, 0, 1;
L_0xb28c42940 .part v0xb2907cd20_0, 0, 1;
L_0xb28c429e0 .part v0xb2907cdc0_0, 0, 1;
L_0xb28c42a80 .part v0xb2907cdc0_0, 0, 1;
L_0xb28c42b20 .part L_0xb2907d2c0, 0, 1;
L_0xb28c42bc0 .part L_0xb2907d2c0, 0, 1;
L_0xb28c42c60 .part v0xb2907cd20_0, 0, 1;
L_0xb28c42d00 .part v0xb2907cd20_0, 1, 1;
L_0xb28c42da0 .part v0xb2907cdc0_0, 1, 1;
L_0xb28c42e40 .part L_0xb2907d2c0, 1, 1;
L_0xb28c42ee0 .part v0xb2907cd20_0, 1, 1;
L_0xb28c42f80 .part v0xb2907cdc0_0, 1, 1;
L_0xb28c43020 .part v0xb2907cdc0_0, 1, 1;
L_0xb28c430c0 .part L_0xb2907d2c0, 1, 1;
L_0xb28c43160 .part L_0xb2907d2c0, 1, 1;
L_0xb28c43200 .part v0xb2907cd20_0, 1, 1;
L_0xb28c432a0 .part v0xb2907cd20_0, 2, 1;
L_0xb28c43340 .part v0xb2907cdc0_0, 2, 1;
L_0xb28c433e0 .part L_0xb2907d2c0, 2, 1;
L_0xb28c43480 .part v0xb2907cd20_0, 2, 1;
L_0xb28c43520 .part v0xb2907cdc0_0, 2, 1;
L_0xb28c435c0 .part v0xb2907cdc0_0, 2, 1;
L_0xb28c43660 .part L_0xb2907d2c0, 2, 1;
L_0xb28c43700 .part L_0xb2907d2c0, 2, 1;
L_0xb28c437a0 .part v0xb2907cd20_0, 2, 1;
L_0xb28c43840 .part v0xb2907cd20_0, 3, 1;
L_0xb28c438e0 .part v0xb2907cdc0_0, 3, 1;
L_0xb28c43980 .part L_0xb2907d2c0, 3, 1;
L_0xb28c43a20 .part v0xb2907cd20_0, 3, 1;
L_0xb28c43ac0 .part v0xb2907cdc0_0, 3, 1;
L_0xb28c43b60 .part v0xb2907cdc0_0, 3, 1;
L_0xb28c43c00 .part L_0xb2907d2c0, 3, 1;
L_0xb28c43ca0 .part L_0xb2907d2c0, 3, 1;
L_0xb28c43d40 .part v0xb2907cd20_0, 3, 1;
L_0xb28c43de0 .part v0xb2907cd20_0, 4, 1;
L_0xb28c43e80 .part v0xb2907cdc0_0, 4, 1;
L_0xb28c43f20 .part L_0xb2907d2c0, 4, 1;
L_0xb28c5c000 .part v0xb2907cd20_0, 4, 1;
L_0xb28c5c0a0 .part v0xb2907cdc0_0, 4, 1;
L_0xb28c5c140 .part v0xb2907cdc0_0, 4, 1;
L_0xb28c5c1e0 .part L_0xb2907d2c0, 4, 1;
L_0xb28c5c280 .part L_0xb2907d2c0, 4, 1;
L_0xb28c5c320 .part v0xb2907cd20_0, 4, 1;
L_0xb28c5c3c0 .part v0xb2907cd20_0, 5, 1;
L_0xb28c5c460 .part v0xb2907cdc0_0, 5, 1;
L_0xb28c5c500 .part L_0xb2907d2c0, 5, 1;
L_0xb28c5c5a0 .part v0xb2907cd20_0, 5, 1;
L_0xb28c5c640 .part v0xb2907cdc0_0, 5, 1;
L_0xb28c5c6e0 .part v0xb2907cdc0_0, 5, 1;
L_0xb28c5c780 .part L_0xb2907d2c0, 5, 1;
L_0xb28c5c820 .part L_0xb2907d2c0, 5, 1;
L_0xb28c5c8c0 .part v0xb2907cd20_0, 5, 1;
L_0xb28c5c960 .part v0xb2907cd20_0, 6, 1;
L_0xb28c5ca00 .part v0xb2907cdc0_0, 6, 1;
L_0xb28c5caa0 .part L_0xb2907d2c0, 6, 1;
L_0xb28c5cb40 .part v0xb2907cd20_0, 6, 1;
L_0xb28c5cbe0 .part v0xb2907cdc0_0, 6, 1;
L_0xb28c5cc80 .part v0xb2907cdc0_0, 6, 1;
L_0xb28c5cd20 .part L_0xb2907d2c0, 6, 1;
L_0xb28c5cdc0 .part L_0xb2907d2c0, 6, 1;
L_0xb28c5ce60 .part v0xb2907cd20_0, 6, 1;
LS_0xb2907d220_0_0 .concat8 [ 1 1 1 1], L_0x1016587c0, L_0xb28c58000, L_0xb28c58310, L_0xb28c58620;
LS_0xb2907d220_0_4 .concat8 [ 1 1 1 1], L_0xb28c58930, L_0xb28c58c40, L_0xb28c58f50, L_0xb28c59260;
L_0xb2907d220 .concat8 [ 4 4 0 0], LS_0xb2907d220_0_0, LS_0xb2907d220_0_4;
L_0xb28c5cf00 .part v0xb2907cd20_0, 7, 1;
L_0xb28c5cfa0 .part v0xb2907cdc0_0, 7, 1;
L_0xb28c5d040 .part L_0xb2907d2c0, 7, 1;
L_0xb28c5d0e0 .part v0xb2907cd20_0, 7, 1;
L_0xb28c5d180 .part v0xb2907cdc0_0, 7, 1;
L_0xb28c5d220 .part v0xb2907cdc0_0, 7, 1;
L_0xb28c5d2c0 .part L_0xb2907d2c0, 7, 1;
L_0xb28c5d360 .part L_0xb2907d2c0, 7, 1;
L_0xb28c5d400 .part v0xb2907cd20_0, 7, 1;
L_0xb28c5d4a0 .part L_0xb2907d2c0, 8, 1;
LS_0xb2907d2c0_0_0 .concat8 [ 1 1 1 1], L_0x10165a020, L_0x101659ce0, L_0xb28c58230, L_0xb28c58540;
LS_0xb2907d2c0_0_4 .concat8 [ 1 1 1 1], L_0xb28c58850, L_0xb28c58b60, L_0xb28c58e70, L_0xb28c59180;
LS_0xb2907d2c0_0_8 .concat8 [ 1 0 0 0], L_0xb28c59490;
L_0xb2907d2c0 .concat8 [ 4 4 1 0], LS_0xb2907d2c0_0_0, LS_0xb2907d2c0_0_4, LS_0xb2907d2c0_0_8;
S_0x101657b80 .scope generate, "genblk1[0]" "genblk1[0]" 4 9, 4 9 0, S_0x10164f660;
 .timescale 0 0;
P_0xb29001500 .param/l "i" 1 4 9, +C4<00>;
L_0x101657da0 .functor XOR 1, L_0xb28c42760, L_0xb28c42800, C4<0>, C4<0>;
L_0x1016587c0 .functor XOR 1, L_0x101657da0, L_0xb28c428a0, C4<0>, C4<0>;
L_0x101658830 .functor AND 1, L_0xb28c42940, L_0xb28c429e0, C4<1>, C4<1>;
L_0x1016588a0 .functor AND 1, L_0xb28c42a80, L_0xb28c42b20, C4<1>, C4<1>;
L_0x101659c00 .functor OR 1, L_0x101658830, L_0x1016588a0, C4<0>, C4<0>;
L_0x101659c70 .functor AND 1, L_0xb28c42bc0, L_0xb28c42c60, C4<1>, C4<1>;
L_0x101659ce0 .functor OR 1, L_0x101659c00, L_0x101659c70, C4<0>, C4<0>;
v0x101657d00_0 .net *"_ivl_0", 0 0, L_0xb28c42760;  1 drivers
v0x10164cbe0_0 .net *"_ivl_1", 0 0, L_0xb28c42800;  1 drivers
v0x101658180_0 .net *"_ivl_11", 0 0, L_0xb28c42a80;  1 drivers
v0x101658220_0 .net *"_ivl_12", 0 0, L_0xb28c42b20;  1 drivers
v0x1016582c0_0 .net *"_ivl_13", 0 0, L_0x1016588a0;  1 drivers
v0x101658360_0 .net *"_ivl_15", 0 0, L_0x101659c00;  1 drivers
v0x101658400_0 .net *"_ivl_17", 0 0, L_0xb28c42bc0;  1 drivers
v0x1016584a0_0 .net *"_ivl_18", 0 0, L_0xb28c42c60;  1 drivers
v0x101658540_0 .net *"_ivl_19", 0 0, L_0x101659c70;  1 drivers
v0x1016585e0_0 .net *"_ivl_2", 0 0, L_0x101657da0;  1 drivers
v0x101658680_0 .net *"_ivl_21", 0 0, L_0x101659ce0;  1 drivers
v0x101658720_0 .net *"_ivl_4", 0 0, L_0xb28c428a0;  1 drivers
v0xb29078000_0 .net *"_ivl_5", 0 0, L_0x1016587c0;  1 drivers
v0xb290780a0_0 .net *"_ivl_7", 0 0, L_0xb28c42940;  1 drivers
v0xb29078140_0 .net *"_ivl_8", 0 0, L_0xb28c429e0;  1 drivers
v0xb290781e0_0 .net *"_ivl_9", 0 0, L_0x101658830;  1 drivers
S_0x101659180 .scope generate, "genblk1[1]" "genblk1[1]" 4 9, 4 9 0, S_0x10164f660;
 .timescale 0 0;
P_0xb29001580 .param/l "i" 1 4 9, +C4<01>;
L_0x101659db0 .functor XOR 1, L_0xb28c42d00, L_0xb28c42da0, C4<0>, C4<0>;
L_0xb28c58000 .functor XOR 1, L_0x101659db0, L_0xb28c42e40, C4<0>, C4<0>;
L_0xb28c58070 .functor AND 1, L_0xb28c42ee0, L_0xb28c42f80, C4<1>, C4<1>;
L_0xb28c580e0 .functor AND 1, L_0xb28c43020, L_0xb28c430c0, C4<1>, C4<1>;
L_0xb28c58150 .functor OR 1, L_0xb28c58070, L_0xb28c580e0, C4<0>, C4<0>;
L_0xb28c581c0 .functor AND 1, L_0xb28c43160, L_0xb28c43200, C4<1>, C4<1>;
L_0xb28c58230 .functor OR 1, L_0xb28c58150, L_0xb28c581c0, C4<0>, C4<0>;
v0xb29078280_0 .net *"_ivl_0", 0 0, L_0xb28c42d00;  1 drivers
v0xb29078320_0 .net *"_ivl_1", 0 0, L_0xb28c42da0;  1 drivers
v0xb290783c0_0 .net *"_ivl_11", 0 0, L_0xb28c43020;  1 drivers
v0xb29078460_0 .net *"_ivl_12", 0 0, L_0xb28c430c0;  1 drivers
v0xb29078500_0 .net *"_ivl_13", 0 0, L_0xb28c580e0;  1 drivers
v0xb290785a0_0 .net *"_ivl_15", 0 0, L_0xb28c58150;  1 drivers
v0xb29078640_0 .net *"_ivl_17", 0 0, L_0xb28c43160;  1 drivers
v0xb290786e0_0 .net *"_ivl_18", 0 0, L_0xb28c43200;  1 drivers
v0xb29078780_0 .net *"_ivl_19", 0 0, L_0xb28c581c0;  1 drivers
v0xb29078820_0 .net *"_ivl_2", 0 0, L_0x101659db0;  1 drivers
v0xb290788c0_0 .net *"_ivl_21", 0 0, L_0xb28c58230;  1 drivers
v0xb29078960_0 .net *"_ivl_4", 0 0, L_0xb28c42e40;  1 drivers
v0xb29078a00_0 .net *"_ivl_5", 0 0, L_0xb28c58000;  1 drivers
v0xb29078aa0_0 .net *"_ivl_7", 0 0, L_0xb28c42ee0;  1 drivers
v0xb29078b40_0 .net *"_ivl_8", 0 0, L_0xb28c42f80;  1 drivers
v0xb29078be0_0 .net *"_ivl_9", 0 0, L_0xb28c58070;  1 drivers
S_0x101659300 .scope generate, "genblk1[2]" "genblk1[2]" 4 9, 4 9 0, S_0x10164f660;
 .timescale 0 0;
P_0xb29001600 .param/l "i" 1 4 9, +C4<010>;
L_0xb28c582a0 .functor XOR 1, L_0xb28c432a0, L_0xb28c43340, C4<0>, C4<0>;
L_0xb28c58310 .functor XOR 1, L_0xb28c582a0, L_0xb28c433e0, C4<0>, C4<0>;
L_0xb28c58380 .functor AND 1, L_0xb28c43480, L_0xb28c43520, C4<1>, C4<1>;
L_0xb28c583f0 .functor AND 1, L_0xb28c435c0, L_0xb28c43660, C4<1>, C4<1>;
L_0xb28c58460 .functor OR 1, L_0xb28c58380, L_0xb28c583f0, C4<0>, C4<0>;
L_0xb28c584d0 .functor AND 1, L_0xb28c43700, L_0xb28c437a0, C4<1>, C4<1>;
L_0xb28c58540 .functor OR 1, L_0xb28c58460, L_0xb28c584d0, C4<0>, C4<0>;
v0xb29078c80_0 .net *"_ivl_0", 0 0, L_0xb28c432a0;  1 drivers
v0xb29078d20_0 .net *"_ivl_1", 0 0, L_0xb28c43340;  1 drivers
v0xb29078dc0_0 .net *"_ivl_11", 0 0, L_0xb28c435c0;  1 drivers
v0xb29078e60_0 .net *"_ivl_12", 0 0, L_0xb28c43660;  1 drivers
v0xb29078f00_0 .net *"_ivl_13", 0 0, L_0xb28c583f0;  1 drivers
v0xb29078fa0_0 .net *"_ivl_15", 0 0, L_0xb28c58460;  1 drivers
v0xb29079040_0 .net *"_ivl_17", 0 0, L_0xb28c43700;  1 drivers
v0xb290790e0_0 .net *"_ivl_18", 0 0, L_0xb28c437a0;  1 drivers
v0xb29079180_0 .net *"_ivl_19", 0 0, L_0xb28c584d0;  1 drivers
v0xb29079220_0 .net *"_ivl_2", 0 0, L_0xb28c582a0;  1 drivers
v0xb290792c0_0 .net *"_ivl_21", 0 0, L_0xb28c58540;  1 drivers
v0xb29079360_0 .net *"_ivl_4", 0 0, L_0xb28c433e0;  1 drivers
v0xb29079400_0 .net *"_ivl_5", 0 0, L_0xb28c58310;  1 drivers
v0xb290794a0_0 .net *"_ivl_7", 0 0, L_0xb28c43480;  1 drivers
v0xb29079540_0 .net *"_ivl_8", 0 0, L_0xb28c43520;  1 drivers
v0xb290795e0_0 .net *"_ivl_9", 0 0, L_0xb28c58380;  1 drivers
S_0x101659480 .scope generate, "genblk1[3]" "genblk1[3]" 4 9, 4 9 0, S_0x10164f660;
 .timescale 0 0;
P_0xb29001680 .param/l "i" 1 4 9, +C4<011>;
L_0xb28c585b0 .functor XOR 1, L_0xb28c43840, L_0xb28c438e0, C4<0>, C4<0>;
L_0xb28c58620 .functor XOR 1, L_0xb28c585b0, L_0xb28c43980, C4<0>, C4<0>;
L_0xb28c58690 .functor AND 1, L_0xb28c43a20, L_0xb28c43ac0, C4<1>, C4<1>;
L_0xb28c58700 .functor AND 1, L_0xb28c43b60, L_0xb28c43c00, C4<1>, C4<1>;
L_0xb28c58770 .functor OR 1, L_0xb28c58690, L_0xb28c58700, C4<0>, C4<0>;
L_0xb28c587e0 .functor AND 1, L_0xb28c43ca0, L_0xb28c43d40, C4<1>, C4<1>;
L_0xb28c58850 .functor OR 1, L_0xb28c58770, L_0xb28c587e0, C4<0>, C4<0>;
v0xb29079680_0 .net *"_ivl_0", 0 0, L_0xb28c43840;  1 drivers
v0xb29079720_0 .net *"_ivl_1", 0 0, L_0xb28c438e0;  1 drivers
v0xb290797c0_0 .net *"_ivl_11", 0 0, L_0xb28c43b60;  1 drivers
v0xb29079860_0 .net *"_ivl_12", 0 0, L_0xb28c43c00;  1 drivers
v0xb29079900_0 .net *"_ivl_13", 0 0, L_0xb28c58700;  1 drivers
v0xb290799a0_0 .net *"_ivl_15", 0 0, L_0xb28c58770;  1 drivers
v0xb29079a40_0 .net *"_ivl_17", 0 0, L_0xb28c43ca0;  1 drivers
v0xb29079ae0_0 .net *"_ivl_18", 0 0, L_0xb28c43d40;  1 drivers
v0xb29079b80_0 .net *"_ivl_19", 0 0, L_0xb28c587e0;  1 drivers
v0xb29079c20_0 .net *"_ivl_2", 0 0, L_0xb28c585b0;  1 drivers
v0xb29079cc0_0 .net *"_ivl_21", 0 0, L_0xb28c58850;  1 drivers
v0xb29079d60_0 .net *"_ivl_4", 0 0, L_0xb28c43980;  1 drivers
v0xb29079e00_0 .net *"_ivl_5", 0 0, L_0xb28c58620;  1 drivers
v0xb29079ea0_0 .net *"_ivl_7", 0 0, L_0xb28c43a20;  1 drivers
v0xb29079f40_0 .net *"_ivl_8", 0 0, L_0xb28c43ac0;  1 drivers
v0xb29079fe0_0 .net *"_ivl_9", 0 0, L_0xb28c58690;  1 drivers
S_0x101659600 .scope generate, "genblk1[4]" "genblk1[4]" 4 9, 4 9 0, S_0x10164f660;
 .timescale 0 0;
P_0xb29001700 .param/l "i" 1 4 9, +C4<0100>;
L_0xb28c588c0 .functor XOR 1, L_0xb28c43de0, L_0xb28c43e80, C4<0>, C4<0>;
L_0xb28c58930 .functor XOR 1, L_0xb28c588c0, L_0xb28c43f20, C4<0>, C4<0>;
L_0xb28c589a0 .functor AND 1, L_0xb28c5c000, L_0xb28c5c0a0, C4<1>, C4<1>;
L_0xb28c58a10 .functor AND 1, L_0xb28c5c140, L_0xb28c5c1e0, C4<1>, C4<1>;
L_0xb28c58a80 .functor OR 1, L_0xb28c589a0, L_0xb28c58a10, C4<0>, C4<0>;
L_0xb28c58af0 .functor AND 1, L_0xb28c5c280, L_0xb28c5c320, C4<1>, C4<1>;
L_0xb28c58b60 .functor OR 1, L_0xb28c58a80, L_0xb28c58af0, C4<0>, C4<0>;
v0xb2907a080_0 .net *"_ivl_0", 0 0, L_0xb28c43de0;  1 drivers
v0xb2907a120_0 .net *"_ivl_1", 0 0, L_0xb28c43e80;  1 drivers
v0xb2907a1c0_0 .net *"_ivl_11", 0 0, L_0xb28c5c140;  1 drivers
v0xb2907a260_0 .net *"_ivl_12", 0 0, L_0xb28c5c1e0;  1 drivers
v0xb2907a300_0 .net *"_ivl_13", 0 0, L_0xb28c58a10;  1 drivers
v0xb2907a3a0_0 .net *"_ivl_15", 0 0, L_0xb28c58a80;  1 drivers
v0xb2907a440_0 .net *"_ivl_17", 0 0, L_0xb28c5c280;  1 drivers
v0xb2907a4e0_0 .net *"_ivl_18", 0 0, L_0xb28c5c320;  1 drivers
v0xb2907a580_0 .net *"_ivl_19", 0 0, L_0xb28c58af0;  1 drivers
v0xb2907a620_0 .net *"_ivl_2", 0 0, L_0xb28c588c0;  1 drivers
v0xb2907a6c0_0 .net *"_ivl_21", 0 0, L_0xb28c58b60;  1 drivers
v0xb2907a760_0 .net *"_ivl_4", 0 0, L_0xb28c43f20;  1 drivers
v0xb2907a800_0 .net *"_ivl_5", 0 0, L_0xb28c58930;  1 drivers
v0xb2907a8a0_0 .net *"_ivl_7", 0 0, L_0xb28c5c000;  1 drivers
v0xb2907a940_0 .net *"_ivl_8", 0 0, L_0xb28c5c0a0;  1 drivers
v0xb2907a9e0_0 .net *"_ivl_9", 0 0, L_0xb28c589a0;  1 drivers
S_0x101659780 .scope generate, "genblk1[5]" "genblk1[5]" 4 9, 4 9 0, S_0x10164f660;
 .timescale 0 0;
P_0xb29001780 .param/l "i" 1 4 9, +C4<0101>;
L_0xb28c58bd0 .functor XOR 1, L_0xb28c5c3c0, L_0xb28c5c460, C4<0>, C4<0>;
L_0xb28c58c40 .functor XOR 1, L_0xb28c58bd0, L_0xb28c5c500, C4<0>, C4<0>;
L_0xb28c58cb0 .functor AND 1, L_0xb28c5c5a0, L_0xb28c5c640, C4<1>, C4<1>;
L_0xb28c58d20 .functor AND 1, L_0xb28c5c6e0, L_0xb28c5c780, C4<1>, C4<1>;
L_0xb28c58d90 .functor OR 1, L_0xb28c58cb0, L_0xb28c58d20, C4<0>, C4<0>;
L_0xb28c58e00 .functor AND 1, L_0xb28c5c820, L_0xb28c5c8c0, C4<1>, C4<1>;
L_0xb28c58e70 .functor OR 1, L_0xb28c58d90, L_0xb28c58e00, C4<0>, C4<0>;
v0xb2907aa80_0 .net *"_ivl_0", 0 0, L_0xb28c5c3c0;  1 drivers
v0xb2907ab20_0 .net *"_ivl_1", 0 0, L_0xb28c5c460;  1 drivers
v0xb2907abc0_0 .net *"_ivl_11", 0 0, L_0xb28c5c6e0;  1 drivers
v0xb2907ac60_0 .net *"_ivl_12", 0 0, L_0xb28c5c780;  1 drivers
v0xb2907ad00_0 .net *"_ivl_13", 0 0, L_0xb28c58d20;  1 drivers
v0xb2907ada0_0 .net *"_ivl_15", 0 0, L_0xb28c58d90;  1 drivers
v0xb2907ae40_0 .net *"_ivl_17", 0 0, L_0xb28c5c820;  1 drivers
v0xb2907aee0_0 .net *"_ivl_18", 0 0, L_0xb28c5c8c0;  1 drivers
v0xb2907af80_0 .net *"_ivl_19", 0 0, L_0xb28c58e00;  1 drivers
v0xb2907b020_0 .net *"_ivl_2", 0 0, L_0xb28c58bd0;  1 drivers
v0xb2907b0c0_0 .net *"_ivl_21", 0 0, L_0xb28c58e70;  1 drivers
v0xb2907b160_0 .net *"_ivl_4", 0 0, L_0xb28c5c500;  1 drivers
v0xb2907b200_0 .net *"_ivl_5", 0 0, L_0xb28c58c40;  1 drivers
v0xb2907b2a0_0 .net *"_ivl_7", 0 0, L_0xb28c5c5a0;  1 drivers
v0xb2907b340_0 .net *"_ivl_8", 0 0, L_0xb28c5c640;  1 drivers
v0xb2907b3e0_0 .net *"_ivl_9", 0 0, L_0xb28c58cb0;  1 drivers
S_0x101659900 .scope generate, "genblk1[6]" "genblk1[6]" 4 9, 4 9 0, S_0x10164f660;
 .timescale 0 0;
P_0xb29001800 .param/l "i" 1 4 9, +C4<0110>;
L_0xb28c58ee0 .functor XOR 1, L_0xb28c5c960, L_0xb28c5ca00, C4<0>, C4<0>;
L_0xb28c58f50 .functor XOR 1, L_0xb28c58ee0, L_0xb28c5caa0, C4<0>, C4<0>;
L_0xb28c58fc0 .functor AND 1, L_0xb28c5cb40, L_0xb28c5cbe0, C4<1>, C4<1>;
L_0xb28c59030 .functor AND 1, L_0xb28c5cc80, L_0xb28c5cd20, C4<1>, C4<1>;
L_0xb28c590a0 .functor OR 1, L_0xb28c58fc0, L_0xb28c59030, C4<0>, C4<0>;
L_0xb28c59110 .functor AND 1, L_0xb28c5cdc0, L_0xb28c5ce60, C4<1>, C4<1>;
L_0xb28c59180 .functor OR 1, L_0xb28c590a0, L_0xb28c59110, C4<0>, C4<0>;
v0xb2907b480_0 .net *"_ivl_0", 0 0, L_0xb28c5c960;  1 drivers
v0xb2907b520_0 .net *"_ivl_1", 0 0, L_0xb28c5ca00;  1 drivers
v0xb2907b5c0_0 .net *"_ivl_11", 0 0, L_0xb28c5cc80;  1 drivers
v0xb2907b660_0 .net *"_ivl_12", 0 0, L_0xb28c5cd20;  1 drivers
v0xb2907b700_0 .net *"_ivl_13", 0 0, L_0xb28c59030;  1 drivers
v0xb2907b7a0_0 .net *"_ivl_15", 0 0, L_0xb28c590a0;  1 drivers
v0xb2907b840_0 .net *"_ivl_17", 0 0, L_0xb28c5cdc0;  1 drivers
v0xb2907b8e0_0 .net *"_ivl_18", 0 0, L_0xb28c5ce60;  1 drivers
v0xb2907b980_0 .net *"_ivl_19", 0 0, L_0xb28c59110;  1 drivers
v0xb2907ba20_0 .net *"_ivl_2", 0 0, L_0xb28c58ee0;  1 drivers
v0xb2907bac0_0 .net *"_ivl_21", 0 0, L_0xb28c59180;  1 drivers
v0xb2907bb60_0 .net *"_ivl_4", 0 0, L_0xb28c5caa0;  1 drivers
v0xb2907bc00_0 .net *"_ivl_5", 0 0, L_0xb28c58f50;  1 drivers
v0xb2907bca0_0 .net *"_ivl_7", 0 0, L_0xb28c5cb40;  1 drivers
v0xb2907bd40_0 .net *"_ivl_8", 0 0, L_0xb28c5cbe0;  1 drivers
v0xb2907bde0_0 .net *"_ivl_9", 0 0, L_0xb28c58fc0;  1 drivers
S_0x101659a80 .scope generate, "genblk1[7]" "genblk1[7]" 4 9, 4 9 0, S_0x10164f660;
 .timescale 0 0;
P_0xb29001880 .param/l "i" 1 4 9, +C4<0111>;
L_0xb28c591f0 .functor XOR 1, L_0xb28c5cf00, L_0xb28c5cfa0, C4<0>, C4<0>;
L_0xb28c59260 .functor XOR 1, L_0xb28c591f0, L_0xb28c5d040, C4<0>, C4<0>;
L_0xb28c592d0 .functor AND 1, L_0xb28c5d0e0, L_0xb28c5d180, C4<1>, C4<1>;
L_0xb28c59340 .functor AND 1, L_0xb28c5d220, L_0xb28c5d2c0, C4<1>, C4<1>;
L_0xb28c593b0 .functor OR 1, L_0xb28c592d0, L_0xb28c59340, C4<0>, C4<0>;
L_0xb28c59420 .functor AND 1, L_0xb28c5d360, L_0xb28c5d400, C4<1>, C4<1>;
L_0xb28c59490 .functor OR 1, L_0xb28c593b0, L_0xb28c59420, C4<0>, C4<0>;
v0xb2907be80_0 .net *"_ivl_0", 0 0, L_0xb28c5cf00;  1 drivers
v0xb2907bf20_0 .net *"_ivl_1", 0 0, L_0xb28c5cfa0;  1 drivers
v0xb2907c000_0 .net *"_ivl_11", 0 0, L_0xb28c5d220;  1 drivers
v0xb2907c0a0_0 .net *"_ivl_12", 0 0, L_0xb28c5d2c0;  1 drivers
v0xb2907c140_0 .net *"_ivl_13", 0 0, L_0xb28c59340;  1 drivers
v0xb2907c1e0_0 .net *"_ivl_15", 0 0, L_0xb28c593b0;  1 drivers
v0xb2907c280_0 .net *"_ivl_17", 0 0, L_0xb28c5d360;  1 drivers
v0xb2907c320_0 .net *"_ivl_18", 0 0, L_0xb28c5d400;  1 drivers
v0xb2907c3c0_0 .net *"_ivl_19", 0 0, L_0xb28c59420;  1 drivers
v0xb2907c460_0 .net *"_ivl_2", 0 0, L_0xb28c591f0;  1 drivers
v0xb2907c500_0 .net *"_ivl_21", 0 0, L_0xb28c59490;  1 drivers
v0xb2907c5a0_0 .net *"_ivl_4", 0 0, L_0xb28c5d040;  1 drivers
v0xb2907c640_0 .net *"_ivl_5", 0 0, L_0xb28c59260;  1 drivers
v0xb2907c6e0_0 .net *"_ivl_7", 0 0, L_0xb28c5d0e0;  1 drivers
v0xb2907c780_0 .net *"_ivl_8", 0 0, L_0xb28c5d180;  1 drivers
v0xb2907c820_0 .net *"_ivl_9", 0 0, L_0xb28c592d0;  1 drivers
    .scope S_0x10164f4e0;
T_0 ;
    %vpi_call/w 3 23 "$dumpfile", "ripple_carry_adder.vcd" {0 0 0};
    %vpi_call/w 3 24 "$dumpvars", 32'sb00000000000000000000000000000000, S_0x10164f4e0 {0 0 0};
    %vpi_call/w 3 26 "$display", "Time |       A |       B | CIN |     SUM | COUT | Expected SUM | Expected COUT" {0 0 0};
    %vpi_call/w 3 27 "$display", "--------------------------------------------------------------------------" {0 0 0};
    %pushi/vec4 0, 0, 32;
    %store/vec4 v0xb2907d0e0_0, 0, 32;
T_0.0 ;
    %load/vec4 v0xb2907d0e0_0;
    %cmpi/s 16, 0, 32;
    %jmp/0xz T_0.1, 5;
    %vpi_func 3 31 "$urandom_range" 32, 32'sb00000000000000000000000000000000, 32'sb00000000000000000000000011111111 {0 0 0};
    %pad/u 8;
    %store/vec4 v0xb2907cd20_0, 0, 8;
    %vpi_func 3 32 "$urandom_range" 32, 32'sb00000000000000000000000000000000, 32'sb00000000000000000000000011111111 {0 0 0};
    %pad/u 8;
    %store/vec4 v0xb2907cdc0_0, 0, 8;
    %load/vec4 v0xb2907d0e0_0;
    %pushi/vec4 2, 0, 32;
    %mod/s;
    %pad/s 1;
    %store/vec4 v0xb2907ce60_0, 0, 1;
    %delay 5000, 0;
    %load/vec4 v0xb2907cd20_0;
    %pad/u 32;
    %load/vec4 v0xb2907cdc0_0;
    %pad/u 32;
    %add;
    %load/vec4 v0xb2907ce60_0;
    %pad/u 32;
    %add;
    %cast2;
    %store/vec4 v0xb2907d040_0, 0, 32;
    %load/vec4 v0xb2907d040_0;
    %ix/load 4, 8, 0;
    %flag_set/imm 4, 0;
    %shiftr 4;
    %cast2;
    %pad/s 1;
    %store/vec4 v0xb2907cfa0_0, 0, 1;
    %load/vec4 v0xb2907d040_0;
    %pushi/vec4 255, 0, 32;
    %and;
    %cast2;
    %store/vec4 v0xb2907d040_0, 0, 32;
    %vpi_call/w 3 39 "$display", "%4t | %8b | %8b |  %0b  | %8b |  %0b  |    %8b    |       %0b", $time, v0xb2907cd20_0, v0xb2907cdc0_0, v0xb2907ce60_0, v0xb2907d180_0, v0xb2907cf00_0, v0xb2907d040_0, v0xb2907cfa0_0 {0 0 0};
    ; show_stmt_assign_vector: Get l-value for compressed += operand
    %load/vec4 v0xb2907d0e0_0;
    %pushi/vec4 1, 0, 32;
    %add;
    %cast2;
    %store/vec4 v0xb2907d0e0_0, 0, 32;
    %jmp T_0.0;
T_0.1 ;
    %vpi_call/w 3 43 "$finish" {0 0 0};
    %end;
    .thread T_0;
# The file index is used to find the file name in the following table.
:file_names 5;
    "N/A";
    "<interactive>";
    "-";
    "ripple_carry_adder_using_parameter.sv";
    "ripple_carry_adder_using_parameter.v";
